
C:\Users\jimmy\Desktop\meta-bi\Samples\Demos\RawDataVaultFromMetaSchemaCliIntegration>call cleanup.cmd  1>nul 2>&1 

C:\Users\jimmy\Desktop\meta-bi\Samples\Demos\RawDataVaultFromMetaSchemaCliIntegration>pushd ..\BusinessDataVaultCliIntegration 

C:\Users\jimmy\Desktop\meta-bi\Samples\Demos\BusinessDataVaultCliIntegration>call .\run.cmd 

C:\Users\jimmy\Desktop\meta-bi\Samples\Demos\BusinessDataVaultCliIntegration>call cleanup.cmd  1>nul 2>&1 

C:\Users\jimmy\Desktop\meta-bi\Samples\Demos\BusinessDataVaultCliIntegration>meta-datavault-business --new-workspace BusinessDataVaultCliIntegrationWorkspace 
OK: Created BusinessDataVaultCliIntegrationWorkspace

C:\Users\jimmy\Desktop\meta-bi\Samples\Demos\BusinessDataVaultCliIntegration>pushd BusinessDataVaultCliIntegrationWorkspace 

C:\Users\jimmy\Desktop\meta-bi\Samples\Demos\BusinessDataVaultCliIntegration\BusinessDataVaultCliIntegrationWorkspace>meta-datavault-business add-hub --id Customer --name Customer 
OK: Added Customer to BusinessHub

C:\Users\jimmy\Desktop\meta-bi\Samples\Demos\BusinessDataVaultCliIntegration\BusinessDataVaultCliIntegrationWorkspace>meta-datavault-business add-hub --id CrmCustomer --name CrmCustomer 
OK: Added CrmCustomer to BusinessHub

C:\Users\jimmy\Desktop\meta-bi\Samples\Demos\BusinessDataVaultCliIntegration\BusinessDataVaultCliIntegrationWorkspace>meta-datavault-business add-hub --id Product --name Product 
OK: Added Product to BusinessHub

C:\Users\jimmy\Desktop\meta-bi\Samples\Demos\BusinessDataVaultCliIntegration\BusinessDataVaultCliIntegrationWorkspace>meta-datavault-business add-hub --id Supplier --name Supplier 
OK: Added Supplier to BusinessHub

C:\Users\jimmy\Desktop\meta-bi\Samples\Demos\BusinessDataVaultCliIntegration\BusinessDataVaultCliIntegrationWorkspace>meta-datavault-business add-hub --id Order --name Order 
OK: Added Order to BusinessHub

C:\Users\jimmy\Desktop\meta-bi\Samples\Demos\BusinessDataVaultCliIntegration\BusinessDataVaultCliIntegrationWorkspace>meta-datavault-business add-hub --id Invoice --name Invoice 
OK: Added Invoice to BusinessHub

C:\Users\jimmy\Desktop\meta-bi\Samples\Demos\BusinessDataVaultCliIntegration\BusinessDataVaultCliIntegrationWorkspace>meta-datavault-business add-hub --id Shipment --name Shipment 
OK: Added Shipment to BusinessHub

C:\Users\jimmy\Desktop\meta-bi\Samples\Demos\BusinessDataVaultCliIntegration\BusinessDataVaultCliIntegrationWorkspace>meta-datavault-business add-hub --id Employee --name Employee 
OK: Added Employee to BusinessHub

C:\Users\jimmy\Desktop\meta-bi\Samples\Demos\BusinessDataVaultCliIntegration\BusinessDataVaultCliIntegrationWorkspace>meta-datavault-business add-hub --id Department --name Department 
OK: Added Department to BusinessHub

C:\Users\jimmy\Desktop\meta-bi\Samples\Demos\BusinessDataVaultCliIntegration\BusinessDataVaultCliIntegrationWorkspace>meta-datavault-business add-hub --id CostCenter --name CostCenter 
OK: Added CostCenter to BusinessHub

C:\Users\jimmy\Desktop\meta-bi\Samples\Demos\BusinessDataVaultCliIntegration\BusinessDataVaultCliIntegrationWorkspace>meta-datavault-business add-hub-key-part --id CustomerIdentifier --hub Customer --name CustomerIdentifier --data-type-id meta:type:String --length 50 
OK: Added CustomerIdentifier to BusinessHubKeyPart

C:\Users\jimmy\Desktop\meta-bi\Samples\Demos\BusinessDataVaultCliIntegration\BusinessDataVaultCliIntegrationWorkspace>meta-datavault-business add-hub-key-part --id CrmCustomerIdentifier --hub CrmCustomer --name CrmCustomerIdentifier --data-type-id meta:type:String --length 50 
OK: Added CrmCustomerIdentifier to BusinessHubKeyPart

C:\Users\jimmy\Desktop\meta-bi\Samples\Demos\BusinessDataVaultCliIntegration\BusinessDataVaultCliIntegrationWorkspace>meta-datavault-business add-hub-key-part --id ProductIdentifier --hub Product --name ProductIdentifier --data-type-id meta:type:String --length 40 
OK: Added ProductIdentifier to BusinessHubKeyPart

C:\Users\jimmy\Desktop\meta-bi\Samples\Demos\BusinessDataVaultCliIntegration\BusinessDataVaultCliIntegrationWorkspace>meta-datavault-business add-hub-key-part --id SupplierIdentifier --hub Supplier --name SupplierIdentifier --data-type-id meta:type:String --length 40 
OK: Added SupplierIdentifier to BusinessHubKeyPart

C:\Users\jimmy\Desktop\meta-bi\Samples\Demos\BusinessDataVaultCliIntegration\BusinessDataVaultCliIntegrationWorkspace>meta-datavault-business add-hub-key-part --id OrderIdentifier --hub Order --name OrderIdentifier --data-type-id meta:type:String --length 40 
OK: Added OrderIdentifier to BusinessHubKeyPart

C:\Users\jimmy\Desktop\meta-bi\Samples\Demos\BusinessDataVaultCliIntegration\BusinessDataVaultCliIntegrationWorkspace>meta-datavault-business add-hub-key-part --id InvoiceIdentifier --hub Invoice --name InvoiceIdentifier --data-type-id meta:type:String --length 40 
OK: Added InvoiceIdentifier to BusinessHubKeyPart

C:\Users\jimmy\Desktop\meta-bi\Samples\Demos\BusinessDataVaultCliIntegration\BusinessDataVaultCliIntegrationWorkspace>meta-datavault-business add-hub-key-part --id ShipmentIdentifier --hub Shipment --name ShipmentIdentifier --data-type-id meta:type:String --length 40 
OK: Added ShipmentIdentifier to BusinessHubKeyPart

C:\Users\jimmy\Desktop\meta-bi\Samples\Demos\BusinessDataVaultCliIntegration\BusinessDataVaultCliIntegrationWorkspace>meta-datavault-business add-hub-key-part --id EmployeeIdentifier --hub Employee --name EmployeeIdentifier --data-type-id meta:type:String --length 30 
OK: Added EmployeeIdentifier to BusinessHubKeyPart

C:\Users\jimmy\Desktop\meta-bi\Samples\Demos\BusinessDataVaultCliIntegration\BusinessDataVaultCliIntegrationWorkspace>meta-datavault-business add-hub-key-part --id DepartmentIdentifier --hub Department --name DepartmentIdentifier --data-type-id meta:type:String --length 30 
OK: Added DepartmentIdentifier to BusinessHubKeyPart

C:\Users\jimmy\Desktop\meta-bi\Samples\Demos\BusinessDataVaultCliIntegration\BusinessDataVaultCliIntegrationWorkspace>meta-datavault-business add-hub-key-part --id CostCenterIdentifier --hub CostCenter --name CostCenterIdentifier --data-type-id meta:type:String --length 20 
OK: Added CostCenterIdentifier to BusinessHubKeyPart

C:\Users\jimmy\Desktop\meta-bi\Samples\Demos\BusinessDataVaultCliIntegration\BusinessDataVaultCliIntegrationWorkspace>meta-datavault-business add-link --id CustomerOrder --name CustomerOrder 
OK: Added CustomerOrder to BusinessLink

C:\Users\jimmy\Desktop\meta-bi\Samples\Demos\BusinessDataVaultCliIntegration\BusinessDataVaultCliIntegrationWorkspace>meta-datavault-business add-link-hub --id CustomerOrderCustomer --link CustomerOrder --hub Customer --role-name Customer 
OK: Added CustomerOrderCustomer to BusinessLinkHub

C:\Users\jimmy\Desktop\meta-bi\Samples\Demos\BusinessDataVaultCliIntegration\BusinessDataVaultCliIntegrationWorkspace>meta-datavault-business add-link-hub --id CustomerOrderOrder --link CustomerOrder --hub Order --role-name Order 
OK: Added CustomerOrderOrder to BusinessLinkHub

C:\Users\jimmy\Desktop\meta-bi\Samples\Demos\BusinessDataVaultCliIntegration\BusinessDataVaultCliIntegrationWorkspace>meta-datavault-business add-link --id OrderProduct --name OrderProduct 
OK: Added OrderProduct to BusinessLink

C:\Users\jimmy\Desktop\meta-bi\Samples\Demos\BusinessDataVaultCliIntegration\BusinessDataVaultCliIntegrationWorkspace>meta-datavault-business add-link-hub --id OrderProductOrder --link OrderProduct --hub Order --role-name Order 
OK: Added OrderProductOrder to BusinessLinkHub

C:\Users\jimmy\Desktop\meta-bi\Samples\Demos\BusinessDataVaultCliIntegration\BusinessDataVaultCliIntegrationWorkspace>meta-datavault-business add-link-hub --id OrderProductProduct --link OrderProduct --hub Product --role-name Product 
OK: Added OrderProductProduct to BusinessLinkHub

C:\Users\jimmy\Desktop\meta-bi\Samples\Demos\BusinessDataVaultCliIntegration\BusinessDataVaultCliIntegrationWorkspace>meta-datavault-business add-link --id SupplierProduct --name SupplierProduct 
OK: Added SupplierProduct to BusinessLink

C:\Users\jimmy\Desktop\meta-bi\Samples\Demos\BusinessDataVaultCliIntegration\BusinessDataVaultCliIntegrationWorkspace>meta-datavault-business add-link-hub --id SupplierProductSupplier --link SupplierProduct --hub Supplier --role-name Supplier 
OK: Added SupplierProductSupplier to BusinessLinkHub

C:\Users\jimmy\Desktop\meta-bi\Samples\Demos\BusinessDataVaultCliIntegration\BusinessDataVaultCliIntegrationWorkspace>meta-datavault-business add-link-hub --id SupplierProductProduct --link SupplierProduct --hub Product --role-name Product 
OK: Added SupplierProductProduct to BusinessLinkHub

C:\Users\jimmy\Desktop\meta-bi\Samples\Demos\BusinessDataVaultCliIntegration\BusinessDataVaultCliIntegrationWorkspace>meta-datavault-business add-link --id OrderInvoice --name OrderInvoice 
OK: Added OrderInvoice to BusinessLink

C:\Users\jimmy\Desktop\meta-bi\Samples\Demos\BusinessDataVaultCliIntegration\BusinessDataVaultCliIntegrationWorkspace>meta-datavault-business add-link-hub --id OrderInvoiceOrder --link OrderInvoice --hub Order --role-name Order 
OK: Added OrderInvoiceOrder to BusinessLinkHub

C:\Users\jimmy\Desktop\meta-bi\Samples\Demos\BusinessDataVaultCliIntegration\BusinessDataVaultCliIntegrationWorkspace>meta-datavault-business add-link-hub --id OrderInvoiceInvoice --link OrderInvoice --hub Invoice --role-name Invoice 
OK: Added OrderInvoiceInvoice to BusinessLinkHub

C:\Users\jimmy\Desktop\meta-bi\Samples\Demos\BusinessDataVaultCliIntegration\BusinessDataVaultCliIntegrationWorkspace>meta-datavault-business add-link --id ShipmentOrder --name ShipmentOrder 
OK: Added ShipmentOrder to BusinessLink

C:\Users\jimmy\Desktop\meta-bi\Samples\Demos\BusinessDataVaultCliIntegration\BusinessDataVaultCliIntegrationWorkspace>meta-datavault-business add-link-hub --id ShipmentOrderShipment --link ShipmentOrder --hub Shipment --role-name Shipment 
OK: Added ShipmentOrderShipment to BusinessLinkHub

C:\Users\jimmy\Desktop\meta-bi\Samples\Demos\BusinessDataVaultCliIntegration\BusinessDataVaultCliIntegrationWorkspace>meta-datavault-business add-link-hub --id ShipmentOrderOrder --link ShipmentOrder --hub Order --role-name Order 
OK: Added ShipmentOrderOrder to BusinessLinkHub

C:\Users\jimmy\Desktop\meta-bi\Samples\Demos\BusinessDataVaultCliIntegration\BusinessDataVaultCliIntegrationWorkspace>meta-datavault-business add-link --id EmployeeDepartment --name EmployeeDepartment 
OK: Added EmployeeDepartment to BusinessLink

C:\Users\jimmy\Desktop\meta-bi\Samples\Demos\BusinessDataVaultCliIntegration\BusinessDataVaultCliIntegrationWorkspace>meta-datavault-business add-link-hub --id EmployeeDepartmentEmployee --link EmployeeDepartment --hub Employee --role-name Employee 
OK: Added EmployeeDepartmentEmployee to BusinessLinkHub

C:\Users\jimmy\Desktop\meta-bi\Samples\Demos\BusinessDataVaultCliIntegration\BusinessDataVaultCliIntegrationWorkspace>meta-datavault-business add-link-hub --id EmployeeDepartmentDepartment --link EmployeeDepartment --hub Department --role-name Department 
OK: Added EmployeeDepartmentDepartment to BusinessLinkHub

C:\Users\jimmy\Desktop\meta-bi\Samples\Demos\BusinessDataVaultCliIntegration\BusinessDataVaultCliIntegrationWorkspace>meta-datavault-business add-link --id DepartmentCostCenter --name DepartmentCostCenter 
OK: Added DepartmentCostCenter to BusinessLink

C:\Users\jimmy\Desktop\meta-bi\Samples\Demos\BusinessDataVaultCliIntegration\BusinessDataVaultCliIntegrationWorkspace>meta-datavault-business add-link-hub --id DepartmentCostCenterDepartment --link DepartmentCostCenter --hub Department --role-name Department 
OK: Added DepartmentCostCenterDepartment to BusinessLinkHub

C:\Users\jimmy\Desktop\meta-bi\Samples\Demos\BusinessDataVaultCliIntegration\BusinessDataVaultCliIntegrationWorkspace>meta-datavault-business add-link-hub --id DepartmentCostCenterCostCenter --link DepartmentCostCenter --hub CostCenter --role-name CostCenter 
OK: Added DepartmentCostCenterCostCenter to BusinessLinkHub

C:\Users\jimmy\Desktop\meta-bi\Samples\Demos\BusinessDataVaultCliIntegration\BusinessDataVaultCliIntegrationWorkspace>meta-datavault-business add-link --id CustomerInvoice --name CustomerInvoice 
OK: Added CustomerInvoice to BusinessLink

C:\Users\jimmy\Desktop\meta-bi\Samples\Demos\BusinessDataVaultCliIntegration\BusinessDataVaultCliIntegrationWorkspace>meta-datavault-business add-link-hub --id CustomerInvoiceCustomer --link CustomerInvoice --hub Customer --role-name Customer 
OK: Added CustomerInvoiceCustomer to BusinessLinkHub

C:\Users\jimmy\Desktop\meta-bi\Samples\Demos\BusinessDataVaultCliIntegration\BusinessDataVaultCliIntegrationWorkspace>meta-datavault-business add-link-hub --id CustomerInvoiceInvoice --link CustomerInvoice --hub Invoice --role-name Invoice 
OK: Added CustomerInvoiceInvoice to BusinessLinkHub

C:\Users\jimmy\Desktop\meta-bi\Samples\Demos\BusinessDataVaultCliIntegration\BusinessDataVaultCliIntegrationWorkspace>meta-datavault-business add-link --id SupplierInvoice --name SupplierInvoice 
OK: Added SupplierInvoice to BusinessLink

C:\Users\jimmy\Desktop\meta-bi\Samples\Demos\BusinessDataVaultCliIntegration\BusinessDataVaultCliIntegrationWorkspace>meta-datavault-business add-link-hub --id SupplierInvoiceSupplier --link SupplierInvoice --hub Supplier --role-name Supplier 
OK: Added SupplierInvoiceSupplier to BusinessLinkHub

C:\Users\jimmy\Desktop\meta-bi\Samples\Demos\BusinessDataVaultCliIntegration\BusinessDataVaultCliIntegrationWorkspace>meta-datavault-business add-link-hub --id SupplierInvoiceInvoice --link SupplierInvoice --hub Invoice --role-name Invoice 
OK: Added SupplierInvoiceInvoice to BusinessLinkHub

C:\Users\jimmy\Desktop\meta-bi\Samples\Demos\BusinessDataVaultCliIntegration\BusinessDataVaultCliIntegrationWorkspace>meta-datavault-business add-link --id InvoiceShipment --name InvoiceShipment 
OK: Added InvoiceShipment to BusinessLink

C:\Users\jimmy\Desktop\meta-bi\Samples\Demos\BusinessDataVaultCliIntegration\BusinessDataVaultCliIntegrationWorkspace>meta-datavault-business add-link-hub --id InvoiceShipmentInvoice --link InvoiceShipment --hub Invoice --role-name Invoice 
OK: Added InvoiceShipmentInvoice to BusinessLinkHub

C:\Users\jimmy\Desktop\meta-bi\Samples\Demos\BusinessDataVaultCliIntegration\BusinessDataVaultCliIntegrationWorkspace>meta-datavault-business add-link-hub --id InvoiceShipmentShipment --link InvoiceShipment --hub Shipment --role-name Shipment 
OK: Added InvoiceShipmentShipment to BusinessLinkHub

C:\Users\jimmy\Desktop\meta-bi\Samples\Demos\BusinessDataVaultCliIntegration\BusinessDataVaultCliIntegrationWorkspace>meta-datavault-business add-link --id EmployeeCostCenter --name EmployeeCostCenter 
OK: Added EmployeeCostCenter to BusinessLink

C:\Users\jimmy\Desktop\meta-bi\Samples\Demos\BusinessDataVaultCliIntegration\BusinessDataVaultCliIntegrationWorkspace>meta-datavault-business add-link-hub --id EmployeeCostCenterEmployee --link EmployeeCostCenter --hub Employee --role-name Employee 
OK: Added EmployeeCostCenterEmployee to BusinessLinkHub

C:\Users\jimmy\Desktop\meta-bi\Samples\Demos\BusinessDataVaultCliIntegration\BusinessDataVaultCliIntegrationWorkspace>meta-datavault-business add-link-hub --id EmployeeCostCenterCostCenter --link EmployeeCostCenter --hub CostCenter --role-name CostCenter 
OK: Added EmployeeCostCenterCostCenter to BusinessLinkHub

C:\Users\jimmy\Desktop\meta-bi\Samples\Demos\BusinessDataVaultCliIntegration\BusinessDataVaultCliIntegrationWorkspace>meta-datavault-business add-link --id DepartmentManager --name DepartmentManager 
OK: Added DepartmentManager to BusinessLink

C:\Users\jimmy\Desktop\meta-bi\Samples\Demos\BusinessDataVaultCliIntegration\BusinessDataVaultCliIntegrationWorkspace>meta-datavault-business add-link-hub --id DepartmentManagerDepartment --link DepartmentManager --hub Department --role-name Department 
OK: Added DepartmentManagerDepartment to BusinessLinkHub

C:\Users\jimmy\Desktop\meta-bi\Samples\Demos\BusinessDataVaultCliIntegration\BusinessDataVaultCliIntegrationWorkspace>meta-datavault-business add-link-hub --id DepartmentManagerEmployee --link DepartmentManager --hub Employee --role-name ManagerEmployee 
OK: Added DepartmentManagerEmployee to BusinessLinkHub

C:\Users\jimmy\Desktop\meta-bi\Samples\Demos\BusinessDataVaultCliIntegration\BusinessDataVaultCliIntegrationWorkspace>meta-datavault-business add-same-as-link --id CustomerSameAsCrmCustomer --name CustomerSameAsCrmCustomer --primary-hub Customer --equivalent-hub CrmCustomer 
OK: Added CustomerSameAsCrmCustomer to BusinessSameAsLink

C:\Users\jimmy\Desktop\meta-bi\Samples\Demos\BusinessDataVaultCliIntegration\BusinessDataVaultCliIntegrationWorkspace>meta-datavault-business add-hierarchical-link --id DepartmentHierarchy --name DepartmentHierarchy --parent-hub Department --child-hub Department 
OK: Added DepartmentHierarchy to BusinessHierarchicalLink

C:\Users\jimmy\Desktop\meta-bi\Samples\Demos\BusinessDataVaultCliIntegration\BusinessDataVaultCliIntegrationWorkspace>meta-datavault-business add-reference --id OrderStatus --name OrderStatus 
OK: Added OrderStatus to BusinessReference

C:\Users\jimmy\Desktop\meta-bi\Samples\Demos\BusinessDataVaultCliIntegration\BusinessDataVaultCliIntegrationWorkspace>meta-datavault-business add-reference-key-part --id OrderStatusCode --reference OrderStatus --name OrderStatusCode --data-type-id meta:type:String --length 20 
OK: Added OrderStatusCode to BusinessReferenceKeyPart

C:\Users\jimmy\Desktop\meta-bi\Samples\Demos\BusinessDataVaultCliIntegration\BusinessDataVaultCliIntegrationWorkspace>meta-datavault-business add-reference --id CurrencyCode --name CurrencyCode 
OK: Added CurrencyCode to BusinessReference

C:\Users\jimmy\Desktop\meta-bi\Samples\Demos\BusinessDataVaultCliIntegration\BusinessDataVaultCliIntegrationWorkspace>meta-datavault-business add-reference-key-part --id CurrencyCodeValue --reference CurrencyCode --name CurrencyCode --data-type-id meta:type:String --length 3 
OK: Added CurrencyCodeValue to BusinessReferenceKeyPart

C:\Users\jimmy\Desktop\meta-bi\Samples\Demos\BusinessDataVaultCliIntegration\BusinessDataVaultCliIntegrationWorkspace>meta-datavault-business add-hub-satellite --id CustomerProfile --hub Customer --name CustomerProfile 
OK: Added CustomerProfile to BusinessHubSatellite

C:\Users\jimmy\Desktop\meta-bi\Samples\Demos\BusinessDataVaultCliIntegration\BusinessDataVaultCliIntegrationWorkspace>meta-datavault-business add-hub-satellite-attribute --id CustomerName --hub-satellite CustomerProfile --name CustomerName --data-type-id meta:type:String --length 200 
OK: Added CustomerName to BusinessHubSatelliteAttribute

C:\Users\jimmy\Desktop\meta-bi\Samples\Demos\BusinessDataVaultCliIntegration\BusinessDataVaultCliIntegrationWorkspace>meta-datavault-business add-hub-satellite-attribute --id CustomerTier --hub-satellite CustomerProfile --name CustomerTier --data-type-id meta:type:String --length 30 
OK: Added CustomerTier to BusinessHubSatelliteAttribute

C:\Users\jimmy\Desktop\meta-bi\Samples\Demos\BusinessDataVaultCliIntegration\BusinessDataVaultCliIntegrationWorkspace>meta-datavault-business add-hub-satellite --id ProductProfile --hub Product --name ProductProfile 
OK: Added ProductProfile to BusinessHubSatellite

C:\Users\jimmy\Desktop\meta-bi\Samples\Demos\BusinessDataVaultCliIntegration\BusinessDataVaultCliIntegrationWorkspace>meta-datavault-business add-hub-satellite-attribute --id ProductName --hub-satellite ProductProfile --name ProductName --data-type-id meta:type:String --length 200 
OK: Added ProductName to BusinessHubSatelliteAttribute

C:\Users\jimmy\Desktop\meta-bi\Samples\Demos\BusinessDataVaultCliIntegration\BusinessDataVaultCliIntegrationWorkspace>meta-datavault-business add-hub-satellite-attribute --id ProductCategory --hub-satellite ProductProfile --name ProductCategory --data-type-id meta:type:String --length 50 
OK: Added ProductCategory to BusinessHubSatelliteAttribute

C:\Users\jimmy\Desktop\meta-bi\Samples\Demos\BusinessDataVaultCliIntegration\BusinessDataVaultCliIntegrationWorkspace>meta-datavault-business add-hub-satellite --id SupplierProfile --hub Supplier --name SupplierProfile 
OK: Added SupplierProfile to BusinessHubSatellite

C:\Users\jimmy\Desktop\meta-bi\Samples\Demos\BusinessDataVaultCliIntegration\BusinessDataVaultCliIntegrationWorkspace>meta-datavault-business add-hub-satellite-attribute --id SupplierName --hub-satellite SupplierProfile --name SupplierName --data-type-id meta:type:String --length 200 
OK: Added SupplierName to BusinessHubSatelliteAttribute

C:\Users\jimmy\Desktop\meta-bi\Samples\Demos\BusinessDataVaultCliIntegration\BusinessDataVaultCliIntegrationWorkspace>meta-datavault-business add-hub-satellite --id OrderHeader --hub Order --name OrderHeader 
OK: Added OrderHeader to BusinessHubSatellite

C:\Users\jimmy\Desktop\meta-bi\Samples\Demos\BusinessDataVaultCliIntegration\BusinessDataVaultCliIntegrationWorkspace>meta-datavault-business add-hub-satellite-attribute --id OrderDate --hub-satellite OrderHeader --name OrderDate --data-type-id meta:type:DateTime 
OK: Added OrderDate to BusinessHubSatelliteAttribute

C:\Users\jimmy\Desktop\meta-bi\Samples\Demos\BusinessDataVaultCliIntegration\BusinessDataVaultCliIntegrationWorkspace>meta-datavault-business add-hub-satellite-attribute --id OrderAmount --hub-satellite OrderHeader --name OrderAmount --data-type-id meta:type:Decimal --precision 18 --scale 2 
OK: Added OrderAmount to BusinessHubSatelliteAttribute

C:\Users\jimmy\Desktop\meta-bi\Samples\Demos\BusinessDataVaultCliIntegration\BusinessDataVaultCliIntegrationWorkspace>meta-datavault-business add-hub-satellite --id InvoiceHeader --hub Invoice --name InvoiceHeader 
OK: Added InvoiceHeader to BusinessHubSatellite

C:\Users\jimmy\Desktop\meta-bi\Samples\Demos\BusinessDataVaultCliIntegration\BusinessDataVaultCliIntegrationWorkspace>meta-datavault-business add-hub-satellite-attribute --id InvoiceDate --hub-satellite InvoiceHeader --name InvoiceDate --data-type-id meta:type:DateTime 
OK: Added InvoiceDate to BusinessHubSatelliteAttribute

C:\Users\jimmy\Desktop\meta-bi\Samples\Demos\BusinessDataVaultCliIntegration\BusinessDataVaultCliIntegrationWorkspace>meta-datavault-business add-hub-satellite-attribute --id InvoiceAmount --hub-satellite InvoiceHeader --name InvoiceAmount --data-type-id meta:type:Decimal --precision 18 --scale 2 
OK: Added InvoiceAmount to BusinessHubSatelliteAttribute

C:\Users\jimmy\Desktop\meta-bi\Samples\Demos\BusinessDataVaultCliIntegration\BusinessDataVaultCliIntegrationWorkspace>meta-datavault-business add-hub-satellite --id ShipmentHeader --hub Shipment --name ShipmentHeader 
OK: Added ShipmentHeader to BusinessHubSatellite

C:\Users\jimmy\Desktop\meta-bi\Samples\Demos\BusinessDataVaultCliIntegration\BusinessDataVaultCliIntegrationWorkspace>meta-datavault-business add-hub-satellite-attribute --id ShipmentDate --hub-satellite ShipmentHeader --name ShipmentDate --data-type-id meta:type:DateTime 
OK: Added ShipmentDate to BusinessHubSatelliteAttribute

C:\Users\jimmy\Desktop\meta-bi\Samples\Demos\BusinessDataVaultCliIntegration\BusinessDataVaultCliIntegrationWorkspace>meta-datavault-business add-hub-satellite-attribute --id CarrierName --hub-satellite ShipmentHeader --name CarrierName --data-type-id meta:type:String --length 100 
OK: Added CarrierName to BusinessHubSatelliteAttribute

C:\Users\jimmy\Desktop\meta-bi\Samples\Demos\BusinessDataVaultCliIntegration\BusinessDataVaultCliIntegrationWorkspace>meta-datavault-business add-hub-satellite --id EmployeeProfile --hub Employee --name EmployeeProfile 
OK: Added EmployeeProfile to BusinessHubSatellite

C:\Users\jimmy\Desktop\meta-bi\Samples\Demos\BusinessDataVaultCliIntegration\BusinessDataVaultCliIntegrationWorkspace>meta-datavault-business add-hub-satellite-attribute --id EmployeeName --hub-satellite EmployeeProfile --name EmployeeName --data-type-id meta:type:String --length 150 
OK: Added EmployeeName to BusinessHubSatelliteAttribute

C:\Users\jimmy\Desktop\meta-bi\Samples\Demos\BusinessDataVaultCliIntegration\BusinessDataVaultCliIntegrationWorkspace>meta-datavault-business add-hub-satellite --id DepartmentProfile --hub Department --name DepartmentProfile 
OK: Added DepartmentProfile to BusinessHubSatellite

C:\Users\jimmy\Desktop\meta-bi\Samples\Demos\BusinessDataVaultCliIntegration\BusinessDataVaultCliIntegrationWorkspace>meta-datavault-business add-hub-satellite-attribute --id DepartmentName --hub-satellite DepartmentProfile --name DepartmentName --data-type-id meta:type:String --length 150 
OK: Added DepartmentName to BusinessHubSatelliteAttribute

C:\Users\jimmy\Desktop\meta-bi\Samples\Demos\BusinessDataVaultCliIntegration\BusinessDataVaultCliIntegrationWorkspace>meta-datavault-business add-hub-satellite --id CostCenterProfile --hub CostCenter --name CostCenterProfile 
OK: Added CostCenterProfile to BusinessHubSatellite

C:\Users\jimmy\Desktop\meta-bi\Samples\Demos\BusinessDataVaultCliIntegration\BusinessDataVaultCliIntegrationWorkspace>meta-datavault-business add-hub-satellite-attribute --id CostCenterName --hub-satellite CostCenterProfile --name CostCenterName --data-type-id meta:type:String --length 150 
OK: Added CostCenterName to BusinessHubSatelliteAttribute

C:\Users\jimmy\Desktop\meta-bi\Samples\Demos\BusinessDataVaultCliIntegration\BusinessDataVaultCliIntegrationWorkspace>meta-datavault-business add-hub-satellite --id CustomerContact --hub Customer --name CustomerContact 
OK: Added CustomerContact to BusinessHubSatellite

C:\Users\jimmy\Desktop\meta-bi\Samples\Demos\BusinessDataVaultCliIntegration\BusinessDataVaultCliIntegrationWorkspace>meta-datavault-business add-hub-satellite-attribute --id CustomerEmailAddress --hub-satellite CustomerContact --name EmailAddress --data-type-id meta:type:String --length 200 
OK: Added CustomerEmailAddress to BusinessHubSatelliteAttribute

C:\Users\jimmy\Desktop\meta-bi\Samples\Demos\BusinessDataVaultCliIntegration\BusinessDataVaultCliIntegrationWorkspace>meta-datavault-business add-hub-satellite-attribute --id CustomerPhoneNumber --hub-satellite CustomerContact --name PhoneNumber --data-type-id meta:type:String --length 40 
OK: Added CustomerPhoneNumber to BusinessHubSatelliteAttribute

C:\Users\jimmy\Desktop\meta-bi\Samples\Demos\BusinessDataVaultCliIntegration\BusinessDataVaultCliIntegrationWorkspace>meta-datavault-business add-hub-satellite --id CustomerAddress --hub Customer --name CustomerAddress 
OK: Added CustomerAddress to BusinessHubSatellite

C:\Users\jimmy\Desktop\meta-bi\Samples\Demos\BusinessDataVaultCliIntegration\BusinessDataVaultCliIntegrationWorkspace>meta-datavault-business add-hub-satellite-attribute --id CustomerCountryCode --hub-satellite CustomerAddress --name CountryCode --data-type-id meta:type:String --length 3 
OK: Added CustomerCountryCode to BusinessHubSatelliteAttribute

C:\Users\jimmy\Desktop\meta-bi\Samples\Demos\BusinessDataVaultCliIntegration\BusinessDataVaultCliIntegrationWorkspace>meta-datavault-business add-hub-satellite-attribute --id CustomerCityName --hub-satellite CustomerAddress --name CityName --data-type-id meta:type:String --length 100 
OK: Added CustomerCityName to BusinessHubSatelliteAttribute

C:\Users\jimmy\Desktop\meta-bi\Samples\Demos\BusinessDataVaultCliIntegration\BusinessDataVaultCliIntegrationWorkspace>meta-datavault-business add-hub-satellite --id ProductCommercial --hub Product --name ProductCommercial 
OK: Added ProductCommercial to BusinessHubSatellite

C:\Users\jimmy\Desktop\meta-bi\Samples\Demos\BusinessDataVaultCliIntegration\BusinessDataVaultCliIntegrationWorkspace>meta-datavault-business add-hub-satellite-attribute --id ProductBrand --hub-satellite ProductCommercial --name BrandName --data-type-id meta:type:String --length 100 
OK: Added ProductBrand to BusinessHubSatelliteAttribute

C:\Users\jimmy\Desktop\meta-bi\Samples\Demos\BusinessDataVaultCliIntegration\BusinessDataVaultCliIntegrationWorkspace>meta-datavault-business add-hub-satellite-attribute --id ProductLifecycleStatus --hub-satellite ProductCommercial --name LifecycleStatus --data-type-id meta:type:String --length 40 
OK: Added ProductLifecycleStatus to BusinessHubSatelliteAttribute

C:\Users\jimmy\Desktop\meta-bi\Samples\Demos\BusinessDataVaultCliIntegration\BusinessDataVaultCliIntegrationWorkspace>meta-datavault-business add-hub-satellite --id SupplierCompliance --hub Supplier --name SupplierCompliance 
OK: Added SupplierCompliance to BusinessHubSatellite

C:\Users\jimmy\Desktop\meta-bi\Samples\Demos\BusinessDataVaultCliIntegration\BusinessDataVaultCliIntegrationWorkspace>meta-datavault-business add-hub-satellite-attribute --id SupplierRiskClass --hub-satellite SupplierCompliance --name RiskClass --data-type-id meta:type:String --length 30 
OK: Added SupplierRiskClass to BusinessHubSatelliteAttribute

C:\Users\jimmy\Desktop\meta-bi\Samples\Demos\BusinessDataVaultCliIntegration\BusinessDataVaultCliIntegrationWorkspace>meta-datavault-business add-hub-satellite-attribute --id SupplierTaxIdentifier --hub-satellite SupplierCompliance --name TaxIdentifier --data-type-id meta:type:String --length 50 
OK: Added SupplierTaxIdentifier to BusinessHubSatelliteAttribute

C:\Users\jimmy\Desktop\meta-bi\Samples\Demos\BusinessDataVaultCliIntegration\BusinessDataVaultCliIntegrationWorkspace>meta-datavault-business add-hub-satellite --id EmployeeEmployment --hub Employee --name EmployeeEmployment 
OK: Added EmployeeEmployment to BusinessHubSatellite

C:\Users\jimmy\Desktop\meta-bi\Samples\Demos\BusinessDataVaultCliIntegration\BusinessDataVaultCliIntegrationWorkspace>meta-datavault-business add-hub-satellite-attribute --id EmployeeHireDate --hub-satellite EmployeeEmployment --name HireDate --data-type-id meta:type:DateTime 
OK: Added EmployeeHireDate to BusinessHubSatelliteAttribute

C:\Users\jimmy\Desktop\meta-bi\Samples\Demos\BusinessDataVaultCliIntegration\BusinessDataVaultCliIntegrationWorkspace>meta-datavault-business add-hub-satellite-attribute --id EmployeeEmploymentType --hub-satellite EmployeeEmployment --name EmploymentType --data-type-id meta:type:String --length 30 
OK: Added EmployeeEmploymentType to BusinessHubSatelliteAttribute

C:\Users\jimmy\Desktop\meta-bi\Samples\Demos\BusinessDataVaultCliIntegration\BusinessDataVaultCliIntegrationWorkspace>meta-datavault-business add-hub-satellite --id DepartmentOperatingModel --hub Department --name DepartmentOperatingModel 
OK: Added DepartmentOperatingModel to BusinessHubSatellite

C:\Users\jimmy\Desktop\meta-bi\Samples\Demos\BusinessDataVaultCliIntegration\BusinessDataVaultCliIntegrationWorkspace>meta-datavault-business add-hub-satellite-attribute --id DepartmentType --hub-satellite DepartmentOperatingModel --name DepartmentType --data-type-id meta:type:String --length 40 
OK: Added DepartmentType to BusinessHubSatelliteAttribute

C:\Users\jimmy\Desktop\meta-bi\Samples\Demos\BusinessDataVaultCliIntegration\BusinessDataVaultCliIntegrationWorkspace>meta-datavault-business add-hub-satellite-attribute --id DepartmentRegionName --hub-satellite DepartmentOperatingModel --name RegionName --data-type-id meta:type:String --length 50 
OK: Added DepartmentRegionName to BusinessHubSatelliteAttribute

C:\Users\jimmy\Desktop\meta-bi\Samples\Demos\BusinessDataVaultCliIntegration\BusinessDataVaultCliIntegrationWorkspace>meta-datavault-business add-hub-satellite --id CostCenterBudget --hub CostCenter --name CostCenterBudget 
OK: Added CostCenterBudget to BusinessHubSatellite

C:\Users\jimmy\Desktop\meta-bi\Samples\Demos\BusinessDataVaultCliIntegration\BusinessDataVaultCliIntegrationWorkspace>meta-datavault-business add-hub-satellite-attribute --id CostCenterBudgetAmount --hub-satellite CostCenterBudget --name BudgetAmount --data-type-id meta:type:Decimal --precision 18 --scale 2 
OK: Added CostCenterBudgetAmount to BusinessHubSatelliteAttribute

C:\Users\jimmy\Desktop\meta-bi\Samples\Demos\BusinessDataVaultCliIntegration\BusinessDataVaultCliIntegrationWorkspace>meta-datavault-business add-hub-satellite-attribute --id CostCenterFiscalYear --hub-satellite CostCenterBudget --name FiscalYear --data-type-id meta:type:Int32 
OK: Added CostCenterFiscalYear to BusinessHubSatelliteAttribute

C:\Users\jimmy\Desktop\meta-bi\Samples\Demos\BusinessDataVaultCliIntegration\BusinessDataVaultCliIntegrationWorkspace>meta-datavault-business add-link-satellite --id CustomerOrderStatus --link CustomerOrder --name CustomerOrderStatus 
OK: Added CustomerOrderStatus to BusinessLinkSatellite

C:\Users\jimmy\Desktop\meta-bi\Samples\Demos\BusinessDataVaultCliIntegration\BusinessDataVaultCliIntegrationWorkspace>meta-datavault-business add-link-satellite-attribute --id CustomerOrderStatusCode --link-satellite CustomerOrderStatus --name OrderStatusCode --data-type-id meta:type:String --length 20 
OK: Added CustomerOrderStatusCode to BusinessLinkSatelliteAttribute

C:\Users\jimmy\Desktop\meta-bi\Samples\Demos\BusinessDataVaultCliIntegration\BusinessDataVaultCliIntegrationWorkspace>meta-datavault-business add-link-satellite-attribute --id CustomerOrderCurrencyCode --link-satellite CustomerOrderStatus --name CurrencyCode --data-type-id meta:type:String --length 3 
OK: Added CustomerOrderCurrencyCode to BusinessLinkSatelliteAttribute

C:\Users\jimmy\Desktop\meta-bi\Samples\Demos\BusinessDataVaultCliIntegration\BusinessDataVaultCliIntegrationWorkspace>meta-datavault-business add-link-satellite --id OrderProductLine --link OrderProduct --name OrderProductLine 
OK: Added OrderProductLine to BusinessLinkSatellite

C:\Users\jimmy\Desktop\meta-bi\Samples\Demos\BusinessDataVaultCliIntegration\BusinessDataVaultCliIntegrationWorkspace>meta-datavault-business add-link-satellite-attribute --id OrderProductQuantity --link-satellite OrderProductLine --name Quantity --data-type-id meta:type:Int32 
OK: Added OrderProductQuantity to BusinessLinkSatelliteAttribute

C:\Users\jimmy\Desktop\meta-bi\Samples\Demos\BusinessDataVaultCliIntegration\BusinessDataVaultCliIntegrationWorkspace>meta-datavault-business add-link-satellite-attribute --id OrderProductUnitPrice --link-satellite OrderProductLine --name UnitPrice --data-type-id meta:type:Decimal --precision 18 --scale 2 
OK: Added OrderProductUnitPrice to BusinessLinkSatelliteAttribute

C:\Users\jimmy\Desktop\meta-bi\Samples\Demos\BusinessDataVaultCliIntegration\BusinessDataVaultCliIntegrationWorkspace>meta-datavault-business add-link-satellite --id SupplierProductTerms --link SupplierProduct --name SupplierProductTerms 
OK: Added SupplierProductTerms to BusinessLinkSatellite

C:\Users\jimmy\Desktop\meta-bi\Samples\Demos\BusinessDataVaultCliIntegration\BusinessDataVaultCliIntegrationWorkspace>meta-datavault-business add-link-satellite-attribute --id SupplierProductLeadTimeDays --link-satellite SupplierProductTerms --name LeadTimeDays --data-type-id meta:type:Int32 
OK: Added SupplierProductLeadTimeDays to BusinessLinkSatelliteAttribute

C:\Users\jimmy\Desktop\meta-bi\Samples\Demos\BusinessDataVaultCliIntegration\BusinessDataVaultCliIntegrationWorkspace>meta-datavault-business add-link-satellite --id EmployeeDepartmentAssignment --link EmployeeDepartment --name EmployeeDepartmentAssignment 
OK: Added EmployeeDepartmentAssignment to BusinessLinkSatellite

C:\Users\jimmy\Desktop\meta-bi\Samples\Demos\BusinessDataVaultCliIntegration\BusinessDataVaultCliIntegrationWorkspace>meta-datavault-business add-link-satellite-attribute --id EmployeeDepartmentStartDate --link-satellite EmployeeDepartmentAssignment --name StartDate --data-type-id meta:type:DateTime 
OK: Added EmployeeDepartmentStartDate to BusinessLinkSatelliteAttribute

C:\Users\jimmy\Desktop\meta-bi\Samples\Demos\BusinessDataVaultCliIntegration\BusinessDataVaultCliIntegrationWorkspace>meta-datavault-business add-link-satellite --id DepartmentCostCenterAssignment --link DepartmentCostCenter --name DepartmentCostCenterAssignment 
OK: Added DepartmentCostCenterAssignment to BusinessLinkSatellite

C:\Users\jimmy\Desktop\meta-bi\Samples\Demos\BusinessDataVaultCliIntegration\BusinessDataVaultCliIntegrationWorkspace>meta-datavault-business add-link-satellite-attribute --id DepartmentCostCenterShare --link-satellite DepartmentCostCenterAssignment --name AllocationShare --data-type-id meta:type:Decimal --precision 9 --scale 4 
OK: Added DepartmentCostCenterShare to BusinessLinkSatelliteAttribute

C:\Users\jimmy\Desktop\meta-bi\Samples\Demos\BusinessDataVaultCliIntegration\BusinessDataVaultCliIntegrationWorkspace>meta-datavault-business add-link-satellite --id CustomerInvoiceStatus --link CustomerInvoice --name CustomerInvoiceStatus 
OK: Added CustomerInvoiceStatus to BusinessLinkSatellite

C:\Users\jimmy\Desktop\meta-bi\Samples\Demos\BusinessDataVaultCliIntegration\BusinessDataVaultCliIntegrationWorkspace>meta-datavault-business add-link-satellite-attribute --id CustomerInvoiceBillingStatus --link-satellite CustomerInvoiceStatus --name BillingStatus --data-type-id meta:type:String --length 30 
OK: Added CustomerInvoiceBillingStatus to BusinessLinkSatelliteAttribute

C:\Users\jimmy\Desktop\meta-bi\Samples\Demos\BusinessDataVaultCliIntegration\BusinessDataVaultCliIntegrationWorkspace>meta-datavault-business add-link-satellite --id SupplierInvoiceTerms --link SupplierInvoice --name SupplierInvoiceTerms 
OK: Added SupplierInvoiceTerms to BusinessLinkSatellite

C:\Users\jimmy\Desktop\meta-bi\Samples\Demos\BusinessDataVaultCliIntegration\BusinessDataVaultCliIntegrationWorkspace>meta-datavault-business add-link-satellite-attribute --id SupplierInvoicePaymentTermsCode --link-satellite SupplierInvoiceTerms --name PaymentTermsCode --data-type-id meta:type:String --length 20 
OK: Added SupplierInvoicePaymentTermsCode to BusinessLinkSatelliteAttribute

C:\Users\jimmy\Desktop\meta-bi\Samples\Demos\BusinessDataVaultCliIntegration\BusinessDataVaultCliIntegrationWorkspace>meta-datavault-business add-link-satellite --id InvoiceShipmentTracking --link InvoiceShipment --name InvoiceShipmentTracking 
OK: Added InvoiceShipmentTracking to BusinessLinkSatellite

C:\Users\jimmy\Desktop\meta-bi\Samples\Demos\BusinessDataVaultCliIntegration\BusinessDataVaultCliIntegrationWorkspace>meta-datavault-business add-link-satellite-attribute --id InvoiceShipmentReceiptDate --link-satellite InvoiceShipmentTracking --name ReceiptDate --data-type-id meta:type:DateTime 
OK: Added InvoiceShipmentReceiptDate to BusinessLinkSatelliteAttribute

C:\Users\jimmy\Desktop\meta-bi\Samples\Demos\BusinessDataVaultCliIntegration\BusinessDataVaultCliIntegrationWorkspace>meta-datavault-business add-link-satellite --id EmployeeCostCenterAssignment --link EmployeeCostCenter --name EmployeeCostCenterAssignment 
OK: Added EmployeeCostCenterAssignment to BusinessLinkSatellite

C:\Users\jimmy\Desktop\meta-bi\Samples\Demos\BusinessDataVaultCliIntegration\BusinessDataVaultCliIntegrationWorkspace>meta-datavault-business add-link-satellite-attribute --id EmployeeCostCenterAllocationPercentage --link-satellite EmployeeCostCenterAssignment --name AllocationPercentage --data-type-id meta:type:Decimal --precision 9 --scale 4 
OK: Added EmployeeCostCenterAllocationPercentage to BusinessLinkSatelliteAttribute

C:\Users\jimmy\Desktop\meta-bi\Samples\Demos\BusinessDataVaultCliIntegration\BusinessDataVaultCliIntegrationWorkspace>meta-datavault-business add-link-satellite --id DepartmentManagerAssignment --link DepartmentManager --name DepartmentManagerAssignment 
OK: Added DepartmentManagerAssignment to BusinessLinkSatellite

C:\Users\jimmy\Desktop\meta-bi\Samples\Demos\BusinessDataVaultCliIntegration\BusinessDataVaultCliIntegrationWorkspace>meta-datavault-business add-link-satellite-attribute --id DepartmentManagerAssignmentStartDate --link-satellite DepartmentManagerAssignment --name StartDate --data-type-id meta:type:DateTime 
OK: Added DepartmentManagerAssignmentStartDate to BusinessLinkSatelliteAttribute

C:\Users\jimmy\Desktop\meta-bi\Samples\Demos\BusinessDataVaultCliIntegration\BusinessDataVaultCliIntegrationWorkspace>meta-datavault-business add-same-as-link-satellite --id CustomerSameAsCrmCustomerAudit --same-as-link CustomerSameAsCrmCustomer --name CustomerSameAsCrmCustomerAudit 
OK: Added CustomerSameAsCrmCustomerAudit to BusinessSameAsLinkSatellite

C:\Users\jimmy\Desktop\meta-bi\Samples\Demos\BusinessDataVaultCliIntegration\BusinessDataVaultCliIntegrationWorkspace>meta-datavault-business add-same-as-link-satellite-attribute --id CustomerSameAsCrmConfidence --same-as-link-satellite CustomerSameAsCrmCustomerAudit --name MatchConfidence --data-type-id meta:type:Decimal --precision 5 --scale 2 
OK: Added CustomerSameAsCrmConfidence to BusinessSameAsLinkSatelliteAttribute

C:\Users\jimmy\Desktop\meta-bi\Samples\Demos\BusinessDataVaultCliIntegration\BusinessDataVaultCliIntegrationWorkspace>meta-datavault-business add-hierarchical-link-satellite --id DepartmentHierarchyInfo --hierarchical-link DepartmentHierarchy --name DepartmentHierarchyInfo 
OK: Added DepartmentHierarchyInfo to BusinessHierarchicalLinkSatellite

C:\Users\jimmy\Desktop\meta-bi\Samples\Demos\BusinessDataVaultCliIntegration\BusinessDataVaultCliIntegrationWorkspace>meta-datavault-business add-hierarchical-link-satellite-attribute --id DepartmentHierarchyLevel --hierarchical-link-satellite DepartmentHierarchyInfo --name HierarchyLevel --data-type-id meta:type:Int32 
OK: Added DepartmentHierarchyLevel to BusinessHierarchicalLinkSatelliteAttribute

C:\Users\jimmy\Desktop\meta-bi\Samples\Demos\BusinessDataVaultCliIntegration\BusinessDataVaultCliIntegrationWorkspace>meta-datavault-business add-reference-satellite --id OrderStatusDescriptionSet --reference OrderStatus --name OrderStatusDescriptionSet 
OK: Added OrderStatusDescriptionSet to BusinessReferenceSatellite

C:\Users\jimmy\Desktop\meta-bi\Samples\Demos\BusinessDataVaultCliIntegration\BusinessDataVaultCliIntegrationWorkspace>meta-datavault-business add-reference-satellite-attribute --id OrderStatusDescription --reference-satellite OrderStatusDescriptionSet --name Description --data-type-id meta:type:String --length 100 
OK: Added OrderStatusDescription to BusinessReferenceSatelliteAttribute

C:\Users\jimmy\Desktop\meta-bi\Samples\Demos\BusinessDataVaultCliIntegration\BusinessDataVaultCliIntegrationWorkspace>meta-datavault-business add-reference-satellite --id CurrencyCodeDescriptionSet --reference CurrencyCode --name CurrencyCodeDescriptionSet 
OK: Added CurrencyCodeDescriptionSet to BusinessReferenceSatellite

C:\Users\jimmy\Desktop\meta-bi\Samples\Demos\BusinessDataVaultCliIntegration\BusinessDataVaultCliIntegrationWorkspace>meta-datavault-business add-reference-satellite-attribute --id CurrencyCodeDescription --reference-satellite CurrencyCodeDescriptionSet --name Description --data-type-id meta:type:String --length 100 
OK: Added CurrencyCodeDescription to BusinessReferenceSatelliteAttribute

C:\Users\jimmy\Desktop\meta-bi\Samples\Demos\BusinessDataVaultCliIntegration\BusinessDataVaultCliIntegrationWorkspace>meta-datavault-business add-point-in-time --id CustomerSnapshot --hub Customer --name CustomerSnapshot 
OK: Added CustomerSnapshot to BusinessPointInTime

C:\Users\jimmy\Desktop\meta-bi\Samples\Demos\BusinessDataVaultCliIntegration\BusinessDataVaultCliIntegrationWorkspace>meta-datavault-business add-point-in-time-stamp --id CustomerSnapshotBusinessDate --point-in-time CustomerSnapshot --name BusinessDate --data-type-id meta:type:DateTime 
OK: Added CustomerSnapshotBusinessDate to BusinessPointInTimeStamp

C:\Users\jimmy\Desktop\meta-bi\Samples\Demos\BusinessDataVaultCliIntegration\BusinessDataVaultCliIntegrationWorkspace>meta-datavault-business add-point-in-time-hub-satellite --id CustomerSnapshotProfile --point-in-time CustomerSnapshot --hub-satellite CustomerProfile 
OK: Added CustomerSnapshotProfile to BusinessPointInTimeHubSatellite

C:\Users\jimmy\Desktop\meta-bi\Samples\Demos\BusinessDataVaultCliIntegration\BusinessDataVaultCliIntegrationWorkspace>meta-datavault-business add-point-in-time-link-satellite --id CustomerSnapshotOrderStatus --point-in-time CustomerSnapshot --link-satellite CustomerOrderStatus 
OK: Added CustomerSnapshotOrderStatus to BusinessPointInTimeLinkSatellite

C:\Users\jimmy\Desktop\meta-bi\Samples\Demos\BusinessDataVaultCliIntegration\BusinessDataVaultCliIntegrationWorkspace>meta-datavault-business add-bridge --id CustomerFulfillmentTraversal --anchor-hub Customer --name CustomerFulfillmentTraversal 
OK: Added CustomerFulfillmentTraversal to BusinessBridge

C:\Users\jimmy\Desktop\meta-bi\Samples\Demos\BusinessDataVaultCliIntegration\BusinessDataVaultCliIntegrationWorkspace>meta-datavault-business add-bridge-link --id CustomerFulfillmentTraversalCustomerOrder --bridge CustomerFulfillmentTraversal --link CustomerOrder --role-name CustomerOrder 
OK: Added CustomerFulfillmentTraversalCustomerOrder to BusinessBridgeLink

C:\Users\jimmy\Desktop\meta-bi\Samples\Demos\BusinessDataVaultCliIntegration\BusinessDataVaultCliIntegrationWorkspace>meta-datavault-business add-bridge-hub --id CustomerFulfillmentTraversalOrder --bridge CustomerFulfillmentTraversal --hub Order --role-name Order 
OK: Added CustomerFulfillmentTraversalOrder to BusinessBridgeHub

C:\Users\jimmy\Desktop\meta-bi\Samples\Demos\BusinessDataVaultCliIntegration\BusinessDataVaultCliIntegrationWorkspace>meta-datavault-business add-bridge-link --id CustomerFulfillmentTraversalShipmentOrder --bridge CustomerFulfillmentTraversal --link ShipmentOrder --role-name ShipmentOrder 
OK: Added CustomerFulfillmentTraversalShipmentOrder to BusinessBridgeLink

C:\Users\jimmy\Desktop\meta-bi\Samples\Demos\BusinessDataVaultCliIntegration\BusinessDataVaultCliIntegrationWorkspace>meta-datavault-business add-bridge-hub --id CustomerFulfillmentTraversalShipment --bridge CustomerFulfillmentTraversal --hub Shipment --role-name Shipment 
OK: Added CustomerFulfillmentTraversalShipment to BusinessBridgeHub

C:\Users\jimmy\Desktop\meta-bi\Samples\Demos\BusinessDataVaultCliIntegration\BusinessDataVaultCliIntegrationWorkspace>meta-convert business-datavault-to-sql --implementation-workspace ..\..\..\..\MetaDataVault\Workspaces\MetaDataVaultImplementation --database-name BusinessDataVaultCliIntegrationWorkspace --out CurrentMetaSqlWorkspace 
OK: Generated CurrentMetaSqlWorkspace

C:\Users\jimmy\Desktop\meta-bi\Samples\Demos\BusinessDataVaultCliIntegration\BusinessDataVaultCliIntegrationWorkspace>meta-sql deploy-plan --source-workspace CurrentMetaSqlWorkspace --connection-string "Server=.;Database=BusinessDataVaultCliIntegrationWorkspace;Integrated Security=true;TrustServerCertificate=true;Encrypt=false" --out MetaSqlDeployManifest 
OK: Created deploy plan
Status: ready to deploy
Changes: 145 to add (58 tables, 26 primary keys, 61 foreign keys)

C:\Users\jimmy\Desktop\meta-bi\Samples\Demos\BusinessDataVaultCliIntegration\BusinessDataVaultCliIntegrationWorkspace>meta-sql deploy --manifest-workspace MetaSqlDeployManifest --source-workspace CurrentMetaSqlWorkspace --connection-string "Server=.;Database=BusinessDataVaultCliIntegrationWorkspace;Integrated Security=true;TrustServerCertificate=true;Encrypt=false" 
OK: Deployed changes
Database: created
Deployed: 145 added (58 tables, 26 primary keys, 61 foreign keys)

C:\Users\jimmy\Desktop\meta-bi\Samples\Demos\BusinessDataVaultCliIntegration\BusinessDataVaultCliIntegrationWorkspace>meta-sql deploy-plan --source-workspace CurrentMetaSqlWorkspace --connection-string "Server=.;Database=BusinessDataVaultCliIntegrationWorkspace;Integrated Security=true;TrustServerCertificate=true;Encrypt=false" --out MetaSqlVerifyManifest 
OK: Created deploy plan
Status: ready to deploy
Changes: none

C:\Users\jimmy\Desktop\meta-bi\Samples\Demos\BusinessDataVaultCliIntegration\BusinessDataVaultCliIntegrationWorkspace>popd

C:\Users\jimmy\Desktop\meta-bi\Samples\Demos\BusinessDataVaultCliIntegration>popd

C:\Users\jimmy\Desktop\meta-bi\Samples\Demos\RawDataVaultFromMetaSchemaCliIntegration>meta-schema extract sqlserver --new-workspace MetaSchemaWorkspace --connection "Server=.;Database=BusinessDataVaultCliIntegrationWorkspace;Integrated Security=true;TrustServerCertificate=true;Encrypt=false" --system BusinessDataVaultCliIntegrationWorkspace --all-schemas --all-tables 
OK: Created MetaSchemaWorkspace

C:\Users\jimmy\Desktop\meta-bi\Samples\Demos\RawDataVaultFromMetaSchemaCliIntegration>meta-convert schema-to-raw-datavault --source-workspace MetaSchemaWorkspace --new-workspace RawDataVaultFromMetaSchemaCliIntegrationWorkspace 
OK: Created RawDataVaultFromMetaSchemaCliIntegrationWorkspace

C:\Users\jimmy\Desktop\meta-bi\Samples\Demos\RawDataVaultFromMetaSchemaCliIntegration>pushd RawDataVaultFromMetaSchemaCliIntegrationWorkspace 

C:\Users\jimmy\Desktop\meta-bi\Samples\Demos\RawDataVaultFromMetaSchemaCliIntegration\RawDataVaultFromMetaSchemaCliIntegrationWorkspace>meta-convert raw-datavault-to-sql --implementation-workspace ..\..\..\..\MetaDataVault\Workspaces\MetaDataVaultImplementation --database-name RawDataVaultFromMetaSchemaCliIntegrationWorkspace --out CurrentMetaSqlWorkspace 
OK: Generated CurrentMetaSqlWorkspace

C:\Users\jimmy\Desktop\meta-bi\Samples\Demos\RawDataVaultFromMetaSchemaCliIntegration\RawDataVaultFromMetaSchemaCliIntegrationWorkspace>meta-sql deploy-plan --source-workspace CurrentMetaSqlWorkspace --connection-string "Server=.;Database=RawDataVaultFromMetaSchemaCliIntegrationWorkspace;Integrated Security=true;TrustServerCertificate=true;Encrypt=false" --out MetaSqlDeployManifest 
OK: Created deploy plan
Status: ready to deploy
Changes: 216 to add (80 tables, 54 primary keys, 82 foreign keys)

C:\Users\jimmy\Desktop\meta-bi\Samples\Demos\RawDataVaultFromMetaSchemaCliIntegration\RawDataVaultFromMetaSchemaCliIntegrationWorkspace>meta-sql deploy --manifest-workspace MetaSqlDeployManifest --source-workspace CurrentMetaSqlWorkspace --connection-string "Server=.;Database=RawDataVaultFromMetaSchemaCliIntegrationWorkspace;Integrated Security=true;TrustServerCertificate=true;Encrypt=false" 
OK: Deployed changes
Database: created
Deployed: 216 added (80 tables, 54 primary keys, 82 foreign keys)

C:\Users\jimmy\Desktop\meta-bi\Samples\Demos\RawDataVaultFromMetaSchemaCliIntegration\RawDataVaultFromMetaSchemaCliIntegrationWorkspace>meta-sql deploy-plan --source-workspace CurrentMetaSqlWorkspace --connection-string "Server=.;Database=RawDataVaultFromMetaSchemaCliIntegrationWorkspace;Integrated Security=true;TrustServerCertificate=true;Encrypt=false" --out MetaSqlVerifyManifest 
OK: Created deploy plan
Status: ready to deploy
Changes: none

C:\Users\jimmy\Desktop\meta-bi\Samples\Demos\RawDataVaultFromMetaSchemaCliIntegration\RawDataVaultFromMetaSchemaCliIntegrationWorkspace>popd
